# JRE version: Java(TM) SE Runtime Environment (8.0_281-b09) (build 1.8.0_281-b09)
# Java VM: Java HotSpot(TM) 64-Bit Server VM (25.281-b09 mixed mode windows-amd64 compressed oops)
Heap:
 PSYoungGen      total 57344K, used 20212K [0x0000000780780000, 0x0000000784780000, 0x00000007c0000000)
  eden space 49152K, 41% used [0x0000000780780000,0x0000000781b3d388,0x0000000783780000)
  from space 8192K, 0% used [0x0000000783f80000,0x0000000783f80000,0x0000000784780000)
  to   space 8192K, 0% used [0x0000000783780000,0x0000000783780000,0x0000000783f80000)
 ParOldGen       total 92160K, used 8672K [0x0000000701600000, 0x0000000707000000, 0x0000000780780000)
  object space 92160K, 9% used [0x0000000701600000,0x0000000701e78068,0x0000000707000000)
 Metaspace       used 21543K, capacity 22712K, committed 23040K, reserved 1069056K
  class space    used 2985K, capacity 3239K, committed 3328K, reserved 1048576K
GC Heap History (6 events):
Event: 2.997 GC heap before
{Heap before GC invocations=1 (full 0):
 PSYoungGen      total 57344K, used 49152K [0x0000000780780000, 0x0000000784780000, 0x00000007c0000000)
  eden space 49152K, 100% used [0x0000000780780000,0x0000000783780000,0x0000000783780000)
  from space 8192K, 0% used [0x0000000783f80000,0x0000000783f80000,0x0000000784780000)
  to   space 8192K, 0% used [0x0000000783780000,0x0000000783780000,0x0000000783f80000)
 ParOldGen       total 131072K, used 0K [0x0000000701600000, 0x0000000709600000, 0x0000000780780000)
  object space 131072K, 0% used [0x0000000701600000,0x0000000701600000,0x0000000709600000)
 Metaspace       used 13576K, capacity 13952K, committed 14208K, reserved 1060864K
  class space    used 1670K, capacity 1795K, committed 1920K, reserved 1048576K
Event: 3.022 GC heap after
Heap after GC invocations=1 (full 0):
 PSYoungGen      total 57344K, used 5537K [0x0000000780780000, 0x0000000784780000, 0x00000007c0000000)
  eden space 49152K, 0% used [0x0000000780780000,0x0000000780780000,0x0000000783780000)
  from space 8192K, 67% used [0x0000000783780000,0x0000000783ce86c0,0x0000000783f80000)
  to   space 8192K, 0% used [0x0000000783f80000,0x0000000783f80000,0x0000000784780000)
 ParOldGen       total 131072K, used 8K [0x0000000701600000, 0x0000000709600000, 0x0000000780780000)
  object space 131072K, 0% used [0x0000000701600000,0x0000000701602000,0x0000000709600000)
 Metaspace       used 13576K, capacity 13952K, committed 14208K, reserved 1060864K
  class space    used 1670K, capacity 1795K, committed 1920K, reserved 1048576K
}
Event: 4.977 GC heap before
{Heap before GC invocations=2 (full 0):
 PSYoungGen      total 57344K, used 34791K [0x0000000780780000, 0x0000000784780000, 0x00000007c0000000)
  eden space 49152K, 59% used [0x0000000780780000,0x0000000782411780,0x0000000783780000)
  from space 8192K, 67% used [0x0000000783780000,0x0000000783ce86c0,0x0000000783f80000)
  to   space 8192K, 0% used [0x0000000783f80000,0x0000000783f80000,0x0000000784780000)
 ParOldGen       total 131072K, used 8K [0x0000000701600000, 0x0000000709600000, 0x0000000780780000)
  object space 131072K, 0% used [0x0000000701600000,0x0000000701602000,0x0000000709600000)
 Metaspace       used 20154K, capacity 21140K, committed 21248K, reserved 1067008K
  class space    used 2811K, capacity 3025K, committed 3072K, reserved 1048576K
Event: 4.990 GC heap after
Heap after GC invocations=2 (full 0):
 PSYoungGen      total 57344K, used 8172K [0x0000000780780000, 0x0000000784780000, 0x00000007c0000000)
  eden space 49152K, 0% used [0x0000000780780000,0x0000000780780000,0x0000000783780000)
  from space 8192K, 99% used [0x0000000783f80000,0x000000078477b2b8,0x0000000784780000)
  to   space 8192K, 0% used [0x0000000783780000,0x0000000783780000,0x0000000783f80000)
 ParOldGen       total 131072K, used 590K [0x0000000701600000, 0x0000000709600000, 0x0000000780780000)
  object space 131072K, 0% used [0x0000000701600000,0x00000007016939c8,0x0000000709600000)
 Metaspace       used 20154K, capacity 21140K, committed 21248K, reserved 1067008K
  class space    used 2811K, capacity 3025K, committed 3072K, reserved 1048576K
}
Event: 4.990 GC heap before
{Heap before GC invocations=3 (full 1):
 PSYoungGen      total 57344K, used 8172K [0x0000000780780000, 0x0000000784780000, 0x00000007c0000000)
  eden space 49152K, 0% used [0x0000000780780000,0x0000000780780000,0x0000000783780000)
  from space 8192K, 99% used [0x0000000783f80000,0x000000078477b2b8,0x0000000784780000)
  to   space 8192K, 0% used [0x0000000783780000,0x0000000783780000,0x0000000783f80000)
 ParOldGen       total 131072K, used 590K [0x0000000701600000, 0x0000000709600000, 0x0000000780780000)
  object space 131072K, 0% used [0x0000000701600000,0x00000007016939c8,0x0000000709600000)
 Metaspace       used 20154K, capacity 21140K, committed 21248K, reserved 1067008K
  class space    used 2811K, capacity 3025K, committed 3072K, reserved 1048576K
Event: 5.064 GC heap after
Heap after GC invocations=3 (full 1):
 PSYoungGen      total 57344K, used 0K [0x0000000780780000, 0x0000000784780000, 0x00000007c0000000)
  eden space 49152K, 0% used [0x0000000780780000,0x0000000780780000,0x0000000783780000)
  from space 8192K, 0% used [0x0000000783f80000,0x0000000783f80000,0x0000000784780000)
  to   space 8192K, 0% used [0x0000000783780000,0x0000000783780000,0x0000000783f80000)
 ParOldGen       total 92160K, used 8672K [0x0000000701600000, 0x0000000707000000, 0x0000000780780000)
  object space 92160K, 9% used [0x0000000701600000,0x0000000701e78068,0x0000000707000000)
 Metaspace       used 20154K, capacity 21140K, committed 21248K, reserved 1067008K
  class space    used 2811K, capacity 3025K, committed 3072K, reserved 1048576K
}

